<?xml version="1.0" encoding="UTF-8"?>
<robot generator="Robot 3.1.2 (Python 3.8.0 on win32)" generated="20191104 18:03:49.022" rpa="false">
<suite id="s1" name="RobotProject" source="C:\Users\rajanjos\OneDrive - Hewlett Packard Enterprise\Data\Joseph\Testing\PY\RobotProject">
<suite id="s1-s1" name="Test" source="C:\Users\rajanjos\OneDrive - Hewlett Packard Enterprise\Data\Joseph\Testing\PY\RobotProject\test">
<suite id="s1-s1-s1" name="TestSuite3" source="C:\Users\rajanjos\OneDrive - Hewlett Packard Enterprise\Data\Joseph\Testing\PY\RobotProject\test\TestSuite3.robot">
<test id="s1-s1-s1-t1" name="SampleLoginTest">
<kw name="Open Browser" library="SeleniumLibrary">
<doc>Opens a new browser instance to the optional ``url``.</doc>
<arguments>
<arg>${URL}</arg>
<arg>chrome</arg>
</arguments>
<msg timestamp="20191104 18:03:49.743" level="INFO">Opening browser 'chrome' to base url 'https://opensource-demo.orangehrmlive.com/'.</msg>
<status status="PASS" starttime="20191104 18:03:49.742" endtime="20191104 18:03:56.195"></status>
</kw>
<kw name="Set Browser Implicit Wait" library="SeleniumLibrary">
<doc>Sets the implicit wait value used by Selenium.</doc>
<arguments>
<arg>5</arg>
</arguments>
<status status="PASS" starttime="20191104 18:03:56.196" endtime="20191104 18:03:56.199"></status>
</kw>
<kw name="LoginKW">
<kw name="Input Text" library="SeleniumLibrary">
<doc>Types the given ``text`` into the text field identified by ``locator``.</doc>
<arguments>
<arg>id=txtUsername</arg>
<arg>@{CREDENTIALS}[0]</arg>
</arguments>
<msg timestamp="20191104 18:03:56.201" level="INFO">Typing text 'Admin' into text field 'id=txtUsername'.</msg>
<status status="PASS" starttime="20191104 18:03:56.200" endtime="20191104 18:03:56.343"></status>
</kw>
<kw name="Input Password" library="SeleniumLibrary">
<doc>Types the given password into the text field identified by ``locator``.</doc>
<arguments>
<arg>id=txtPassword</arg>
<arg>&amp;{LOGIN_DATA}[password]</arg>
</arguments>
<msg timestamp="20191104 18:03:56.345" level="INFO">Typing password into text field 'id=txtPassword'.</msg>
<status status="PASS" starttime="20191104 18:03:56.344" endtime="20191104 18:03:56.492"></status>
</kw>
<kw name="Click Button" library="SeleniumLibrary">
<doc>Clicks the button identified by ``locator``.</doc>
<arguments>
<arg>id=btnLogin</arg>
</arguments>
<msg timestamp="20191104 18:03:56.493" level="INFO">Clicking button 'id=btnLogin'.</msg>
<status status="PASS" starttime="20191104 18:03:56.493" endtime="20191104 18:03:58.255"></status>
</kw>
<status status="PASS" starttime="20191104 18:03:56.200" endtime="20191104 18:03:58.256"></status>
</kw>
<kw name="Click Element" library="SeleniumLibrary">
<doc>Click the element identified by ``locator``.</doc>
<arguments>
<arg>id=welcome</arg>
</arguments>
<msg timestamp="20191104 18:03:58.258" level="INFO">Clicking element 'id=welcome'.</msg>
<status status="PASS" starttime="20191104 18:03:58.256" endtime="20191104 18:03:58.350"></status>
</kw>
<kw name="Wait Until Keyword Succeeds" library="BuiltIn">
<doc>Runs the specified keyword and retries if it fails.</doc>
<arguments>
<arg>60 seconds</arg>
<arg>15 seconds</arg>
<arg>Click Element</arg>
<arg>link=Logout</arg>
</arguments>
<kw name="Click Element" library="SeleniumLibrary">
<doc>Click the element identified by ``locator``.</doc>
<arguments>
<arg>link=Logout</arg>
</arguments>
<msg timestamp="20191104 18:03:58.354" level="INFO">Clicking element 'link=Logout'.</msg>
<status status="PASS" starttime="20191104 18:03:58.353" endtime="20191104 18:04:00.965"></status>
</kw>
<status status="PASS" starttime="20191104 18:03:58.350" endtime="20191104 18:04:00.965"></status>
</kw>
<kw name="Sleep" library="BuiltIn">
<doc>Pauses the test executed for the given time.</doc>
<arguments>
<arg>5</arg>
</arguments>
<msg timestamp="20191104 18:04:05.969" level="INFO">Slept 5 seconds</msg>
<status status="PASS" starttime="20191104 18:04:00.966" endtime="20191104 18:04:05.969"></status>
</kw>
<kw name="Close Browser" library="SeleniumLibrary">
<doc>Closes the current browser.</doc>
<status status="PASS" starttime="20191104 18:04:05.970" endtime="20191104 18:04:09.052"></status>
</kw>
<kw name="Log" library="BuiltIn">
<doc>Logs the given message with the given level.</doc>
<arguments>
<arg>Test Completed</arg>
</arguments>
<msg timestamp="20191104 18:04:09.054" level="INFO">Test Completed</msg>
<status status="PASS" starttime="20191104 18:04:09.053" endtime="20191104 18:04:09.054"></status>
</kw>
<kw name="Log" library="BuiltIn">
<doc>Logs the given message with the given level.</doc>
<arguments>
<arg>This Test was executed by %{username} in %{os}</arg>
</arguments>
<msg timestamp="20191104 18:04:09.055" level="INFO">This Test was executed by rajanjos in Windows_NT</msg>
<status status="PASS" starttime="20191104 18:04:09.055" endtime="20191104 18:04:09.056"></status>
</kw>
<doc>This is Login Test</doc>
<status status="PASS" starttime="20191104 18:03:49.741" endtime="20191104 18:04:09.056" critical="yes"></status>
</test>
<status status="PASS" starttime="20191104 18:03:49.219" endtime="20191104 18:04:09.057"></status>
</suite>
<status status="PASS" starttime="20191104 18:03:49.213" endtime="20191104 18:04:09.061"></status>
</suite>
<status status="PASS" starttime="20191104 18:03:49.162" endtime="20191104 18:04:09.064"></status>
</suite>
<statistics>
<total>
<stat pass="1" fail="0">Critical Tests</stat>
<stat pass="1" fail="0">All Tests</stat>
</total>
<tag>
</tag>
<suite>
<stat pass="1" fail="0" id="s1" name="RobotProject">RobotProject</stat>
<stat pass="1" fail="0" id="s1-s1" name="Test">RobotProject.Test</stat>
<stat pass="1" fail="0" id="s1-s1-s1" name="TestSuite3">RobotProject.Test.TestSuite3</stat>
</suite>
</statistics>
<errors>
</errors>
</robot>
